<?xml version="1.0" encoding="UTF-8"?>
<!-- Generated by org.testng.reporters.JUnitReportReporter -->
<testsuite hostname="LTAH053" name="wildcraft.web.runTest" tests="1" failures="0" timestamp="5 Apr 2017 12:45:58 GMT" time="77.047" errors="0">
  <testcase name="feature" time="77.047" classname="wildcraft.web.runTest"/>
</testsuite> <!-- wildcraft.web.runTest -->
