<?xml version="1.0" encoding="UTF-8"?>
<!-- Generated by org.testng.reporters.JUnitReportReporter -->
<testsuite hostname="LTAH053" name="wildcraft.web.runTest" tests="1" failures="0" timestamp="3 Apr 2017 06:54:11 GMT" time="43.914" errors="0">
  <testcase name="feature" time="43.914" classname="wildcraft.web.runTest"/>
</testsuite> <!-- wildcraft.web.runTest -->
